[fmghub.com/index.html]
[backblue.gif]
[fade.gif]
[index.html]
[s3.envato.com/files/114317192/590x300_2.png]
[fmghub.com/apple-touch-icon.png]
[fmghub.com/favicon-32x32.png]
[fmghub.com/favicon-16x16.png]
[cdnjs.cloudflare.com/ajax/libs/twitter-bootstrap/3.1.1/css/bootstrap.min.css]
[fmghub.com/calendar/css/style.css]
[fmghub.com/calendar/css/modern-style.css]
[fmghub.com/calendar/js/json2.js]
[fmghub.com/calendar/js/script.js]
[code.jquery.com/jquery-1.11.0.min.js]
[u.heatmap.it/log.js]
[fmghub.com/calendar/admin/css/timepicker-addon.css]
[fmghub.com/calendar/admin/js/datepicker/css/jquery-ui-1.10.3.custom.min.css]
[fmghub.com/calendar/admin/js/timepicker-addon.js]
[fmghub.com/index.html]
[cdnjs.cloudflare.com/ajax/libs/twitter-bootstrap/3.1.1/css/bootstrap.min.css]
[cdnjs.cloudflare.com/ajax/libs/twitter-bootstrap/3.1.1/js/bootstrap.min.js]
[fmghub.com/calendar/admin/js/jquery-ui.js]
[fmghub.com/calendar/fonts/DXI1ORHCpsQm3Vp6mXoaTXhCUOGz7vYGh680lGh-uXM.woff]
[fmghub.com/calendar/fonts/cJZKeOuBrn4kERxqtaUH3T8E0i7KZn-EPnyo3HZu7kw.woff]
[fmghub.com/calendar/fonts/MTP_ySUJH_bn48VBG8sNSnhCUOGz7vYGh680lGh-uXM.woff]
[fmghub.com/calendar/img/arrows.png]
[fmghub.com/calendar/css/style.css]
[fmghub.com/calendar/css/bkg.jpg]
[fmghub.com/calendar/css/modern-style.css]
[u.heatmap.it/log.js]
[www.googletagmanager.com/gtm5445.html]
[fmghub.com/calendar/admin/login.html]
[fmghub.com/calendar/admin/index.html]
[fmghub.com/calendar/admin/css/timepicker-addon.css]
[fmghub.com/calendar/admin/js/datepicker/css/images/ui-bg_flat_75_ffffff_40x100.png]
[fmghub.com/calendar/admin/js/datepicker/css/images/ui-bg_highlight-soft_15_cc0000_1x100.png]
[fmghub.com/calendar/admin/js/datepicker/css/images/ui-bg_highlight-hard_100_eeeeee_1x100.png]
[fmghub.com/calendar/admin/js/datepicker/css/images/ui-bg_highlight-hard_100_f6f6f6_1x100.png]
[fmghub.com/calendar/admin/js/datepicker/css/images/ui-bg_flat_65_ffffff_40x100.png]
[fmghub.com/calendar/admin/js/datepicker/css/images/ui-bg_glass_55_fbf8ee_1x400.png]
[fmghub.com/calendar/admin/js/datepicker/css/images/ui-bg_diagonals-thick_75_f3d8d8_40x40.png]
[fmghub.com/calendar/admin/js/datepicker/css/images/ui-icons_cc0000_256x240.png]
[fmghub.com/calendar/admin/js/datepicker/css/images/ui-icons_ffffff_256x240.png]
[fmghub.com/calendar/admin/js/datepicker/css/images/ui-icons_004276_256x240.png]
[fmghub.com/calendar/admin/js/datepicker/css/images/ui-bg_dots-small_65_a6a6a6_2x2.png]
[fmghub.com/calendar/admin/js/datepicker/css/images/ui-bg_flat_0_333333_40x100.png]
[fmghub.com/calendar/admin/js/datepicker/css/jquery-ui-1.10.3.custom.min.css]
[fmghub.com/d.html]
[fmghub.com/z.html]
[fmghub.com/calendar/css/bootstrap.min.css]
[fmghub.com/calendar/admin/login/css/style.css]
[fmghub.com/calendar/admin/login.html]
[fmghub.com/calendar/fonts/glyphicons-halflings-regular.eot]
[fmghub.com/calendar/fonts/glyphicons-halflings-regulard41d.eot]
[fmghub.com/calendar/fonts/glyphicons-halflings-regular.woff]
[fmghub.com/calendar/fonts/glyphicons-halflings-regular.ttf]
[fmghub.com/calendar/css/bootstrap.min.css]
[fmghub.com/calendar/admin/login/css/style.css]
[fmghub.com/calendar/fonts/glyphicons-halflings-regular.svg]
